RESUMEN DE COMPRA 
USUARIO: Iron Man

Atracciones compradas:
No se compraron Atracciones.

Promociones compradas:

Promoción Aventura
-Atracciones incluídas: [El Reino de Wakanda, El Laboratorio del Dr. Strange]
-Duracion: 5.0
-Precio original: 6
-Precio con descuento: 5

Promoción Degustacion
-Atracciones incluídas: [La Playa de los Asgardianos, La Torre de los Vengadores]
-Duracion: 5.0
-Precio original: 6
-Precio con descuento: 5

Promoción Paisaje
-Atracciones incluídas: [El Santuario de Asgard, El Palacio de Thanos]
-Duracion: 4.0
-Precio original: 6
-Precio promocional: 3¡La atracción El Palacio de Thanos es gratis!

Gasto Total: 13
Tiempo Invertido: 14.0


