Nombre: Jorge
Gasto Total: 4990
Tiempo Invertido: 62.0
Atracciones compradas: [Tour en globo aerostático, Avistamiento de ballenas, Excursión a un volcán activo, Excursión en quad por el desierto, Excursión en jeep por el desierto, Ruta en 4x4 por terrenos difíciles, Excursión a la cascada, Avistamiento de delfines, Excursión en kayak por cuevas marinas, Navegación en kayak, Caminata en el bosque lluvioso, Paseo en bicicleta por el bosque, Senderismo en la montaña, Recorrido en tren panorámico]
Promociones compradas:[Observación de aves, Paseo en bote por el río, Recorrido en tren panorámico]


Nombre: Anibal
Gasto Total: 1790
Tiempo Invertido: 21.5
Atracciones compradas: [Tour en bicicleta por viñedos, Visita a una plantación de café, Degustación de vinos, Cata de quesos, Degustación de chocolate, Crucero por el río]
Promociones compradas:[Paseo en bicicleta por el bosque, Tour en globo aerostático]


Nombre: Juan
Gasto Total: 3455
Tiempo Invertido: 40.0
Atracciones compradas: [Tour en globo aerostático, Avistamiento de ballenas, Excursión a un volcán activo, Excursión en quad por el desierto, Excursión en jeep por el desierto, Ruta en 4x4 por terrenos difíciles, Excursión a la cascada, Avistamiento de delfines, Caminata en el bosque lluvioso]
Promociones compradas:[Senderismo en la montaña, Navegación en kayak, Excursión en jeep por el desierto]


Nombre: Matias
Gasto Total: 1615
Tiempo Invertido: 12.0
Atracciones compradas: [Paseo en helicóptero, Viaje en globo aerostático al amanecer]
Promociones compradas:[Observación de aves, Paseo en bote por el río, Recorrido en tren panorámico]


Nombre: Agustin
Gasto Total: 1740
Tiempo Invertido: 21.0
Atracciones compradas: [Tour en bicicleta por viñedos, Visita a una plantación de café, Degustación de vinos, Cata de quesos, Degustación de chocolate, Avistamiento de delfines]
Promociones compradas:[Paseo en bicicleta por el bosque, Tour en globo aerostático]


Nombre: Florencia
Gasto Total: 935
Tiempo Invertido: 15.0
Atracciones compradas: [Excursión a la cascada]
Promociones compradas:[Senderismo en la montaña, Navegación en kayak, Excursión en jeep por el desierto]


Nombre: Agustina
Gasto Total: 3145
Tiempo Invertido: 27.5
Atracciones compradas: [Paseo en helicóptero, Observación de auroras boreales, Viaje en globo aerostático al amanecer, Crucero por el río, Paseo en bote por el río, Recorrido en tren panorámico, Tour en lancha por una laguna, Paseo en carruaje por la ciudad, Visita a una reserva natural]
Promociones compradas:[Observación de aves, Paseo en bote por el río, Recorrido en tren panorámico]


Nombre: Franco
Gasto Total: 1995
Tiempo Invertido: 25.5
Atracciones compradas: [Tour en bicicleta por viñedos, Visita a una plantación de café, Degustación de vinos, Cata de quesos, Degustación de chocolate, Visita a un jardín botánico]
Promociones compradas:[Observación de aves, Paseo en bote por el río, Recorrido en tren panorámico]


Nombre: Carolina
Gasto Total: 1985
Tiempo Invertido: 25.0
Atracciones compradas: [Tour en globo aerostático, Avistamiento de ballenas, Excursión a un volcán activo, Caminata por la playa al atardecer]
Promociones compradas:[Senderismo en la montaña, Navegación en kayak, Excursión en jeep por el desierto]


